  API.cpp
e:\zju大学生活\课程学习\数据库\minisql\try\try\buffermanager.h : warning C4819: 该文件包含不能在当前代码页(936)中表示的字符。请将该文件保存为 Unicode 格式以防止数据丢失
e:\zju大学生活\课程学习\数据库\minisql\try\try\api.cpp(8): warning C4018: “<”: 有符号/无符号不匹配
e:\zju大学生活\课程学习\数据库\minisql\try\try\api.cpp(36): warning C4018: “<”: 有符号/无符号不匹配
e:\zju大学生活\课程学习\数据库\minisql\try\try\api.cpp(80): warning C4018: “<”: 有符号/无符号不匹配
e:\zju大学生活\课程学习\数据库\minisql\try\try\api.cpp(81): warning C4018: “>”: 有符号/无符号不匹配
e:\zju大学生活\课程学习\数据库\minisql\try\try\api.cpp(100): warning C4018: “<”: 有符号/无符号不匹配
  BufferManager.cpp
e:\zju大学生活\课程学习\数据库\minisql\try\try\buffermanager.h : warning C4819: 该文件包含不能在当前代码页(936)中表示的字符。请将该文件保存为 Unicode 格式以防止数据丢失
  CatalogManager.cpp
e:\zju大学生活\课程学习\数据库\minisql\try\try\buffermanager.h : warning C4819: 该文件包含不能在当前代码页(936)中表示的字符。请将该文件保存为 Unicode 格式以防止数据丢失
e:\zju大学生活\课程学习\数据库\minisql\try\try\catalogmanager.cpp(68): warning C4101: “ind”: 未引用的局部变量
  Interpreter.cpp
e:\zju大学生活\课程学习\数据库\minisql\try\try\buffermanager.h : warning C4819: 该文件包含不能在当前代码页(936)中表示的字符。请将该文件保存为 Unicode 格式以防止数据丢失
e:\zju大学生活\课程学习\数据库\minisql\try\try\interpreter.cpp(131): warning C4018: “<”: 有符号/无符号不匹配
e:\zju大学生活\课程学习\数据库\minisql\try\try\interpreter.cpp(159): warning C4018: “<”: 有符号/无符号不匹配
e:\zju大学生活\课程学习\数据库\minisql\try\try\interpreter.cpp(169): warning C4018: “<”: 有符号/无符号不匹配
e:\zju大学生活\课程学习\数据库\minisql\try\try\interpreter.cpp(224): warning C4018: “<”: 有符号/无符号不匹配
e:\zju大学生活\课程学习\数据库\minisql\try\try\interpreter.cpp(239): warning C4018: “<”: 有符号/无符号不匹配
  RecordManager.cpp
e:\zju大学生活\课程学习\数据库\minisql\try\try\buffermanager.h : warning C4819: 该文件包含不能在当前代码页(936)中表示的字符。请将该文件保存为 Unicode 格式以防止数据丢失
e:\zju大学生活\课程学习\数据库\minisql\try\try\recordmanager.cpp(10): warning C4018: “<”: 有符号/无符号不匹配
e:\zju大学生活\课程学习\数据库\minisql\try\try\recordmanager.cpp(12): warning C4018: “<”: 有符号/无符号不匹配
e:\zju大学生活\课程学习\数据库\minisql\try\try\recordmanager.cpp(19): warning C4018: “<”: 有符号/无符号不匹配
e:\zju大学生活\课程学习\数据库\minisql\try\try\recordmanager.cpp(37): warning C4018: “<”: 有符号/无符号不匹配
e:\zju大学生活\课程学习\数据库\minisql\try\try\recordmanager.cpp(45): warning C4018: “<”: 有符号/无符号不匹配
e:\zju大学生活\课程学习\数据库\minisql\try\try\recordmanager.cpp(87): warning C4018: “<”: 有符号/无符号不匹配
e:\zju大学生活\课程学习\数据库\minisql\try\try\recordmanager.cpp(89): warning C4018: “<”: 有符号/无符号不匹配
e:\zju大学生活\课程学习\数据库\minisql\try\try\recordmanager.cpp(96): warning C4018: “<”: 有符号/无符号不匹配
e:\zju大学生活\课程学习\数据库\minisql\try\try\recordmanager.cpp(114): warning C4018: “<”: 有符号/无符号不匹配
e:\zju大学生活\课程学习\数据库\minisql\try\try\recordmanager.cpp(121): warning C4018: “<”: 有符号/无符号不匹配
e:\zju大学生活\课程学习\数据库\minisql\try\try\recordmanager.cpp(137): warning C4018: “<”: 有符号/无符号不匹配
e:\zju大学生活\课程学习\数据库\minisql\try\try\recordmanager.cpp(154): warning C4018: “<”: 有符号/无符号不匹配
  正在生成代码...
e:\zju大学生活\课程学习\数据库\minisql\try\try\recordmanager.cpp(163): warning C4715: “Record::Insert”: 不是所有的控件路径都返回值
e:\zju大学生活\课程学习\数据库\minisql\try\try\buffermanager.cpp(49): warning C4715: “BFM::BufferManagerRead”: 不是所有的控件路径都返回值
  Try.vcxproj -> E:\ZJU大学生活\课程学习\数据库\miniSQL\Try\Debug\Try.exe
